<?xml version="1.0" encoding="UTF-8"?>
<testsuite name="org.springframework.beans.factory.xml.NestedBeansElementAttributeRecursionTests" tests="7" skipped="0" failures="0" errors="0" timestamp="2020-04-07T05:13:42" hostname="jaydeMacBook-Pro.local" time="0.059">
  <properties/>
  <testcase name="defaultMerge" classname="org.springframework.beans.factory.xml.NestedBeansElementAttributeRecursionTests" time="0.015"/>
  <testcase name="defaultAutowireCandidatesWithNonValidatingParser" classname="org.springframework.beans.factory.xml.NestedBeansElementAttributeRecursionTests" time="0.003"/>
  <testcase name="initMethod" classname="org.springframework.beans.factory.xml.NestedBeansElementAttributeRecursionTests" time="0.015"/>
  <testcase name="defaultMergeWithNonValidatingParser" classname="org.springframework.beans.factory.xml.NestedBeansElementAttributeRecursionTests" time="0.002"/>
  <testcase name="defaultLazyInit" classname="org.springframework.beans.factory.xml.NestedBeansElementAttributeRecursionTests" time="0.009"/>
  <testcase name="defaultAutowireCandidates" classname="org.springframework.beans.factory.xml.NestedBeansElementAttributeRecursionTests" time="0.01"/>
  <testcase name="defaultLazyInitWithNonValidatingParser" classname="org.springframework.beans.factory.xml.NestedBeansElementAttributeRecursionTests" time="0.003"/>
  <system-out><![CDATA[]]></system-out>
  <system-err><![CDATA[]]></system-err>
</testsuite>
