<?xml version="1.0" encoding="UTF-8"?>
<testsuite name="org.springframework.beans.propertyeditors.InputStreamEditorTests" tests="4" skipped="0" failures="0" errors="0" timestamp="2020-04-07T05:13:39" hostname="jaydeMacBook-Pro.local" time="0.001">
  <properties/>
  <testcase name="testSunnyDay" classname="org.springframework.beans.propertyeditors.InputStreamEditorTests" time="0.0"/>
  <testcase name="testWhenResourceDoesNotExist" classname="org.springframework.beans.propertyeditors.InputStreamEditorTests" time="0.0"/>
  <testcase name="testCtorWithNullResourceEditor" classname="org.springframework.beans.propertyeditors.InputStreamEditorTests" time="0.001"/>
  <testcase name="testGetAsTextReturnsNullByDefault" classname="org.springframework.beans.propertyeditors.InputStreamEditorTests" time="0.0"/>
  <system-out><![CDATA[]]></system-out>
  <system-err><![CDATA[]]></system-err>
</testsuite>
