<?xml version="1.0" encoding="UTF-8"?>
<testsuite name="org.springframework.beans.factory.serviceloader.ServiceLoaderTests" tests="3" skipped="3" failures="0" errors="0" timestamp="2020-04-07T05:13:44" hostname="jaydeMacBook-Pro.local" time="0.003">
  <properties/>
  <testcase name="testServiceListFactoryBean" classname="org.springframework.beans.factory.serviceloader.ServiceLoaderTests" time="0.002">
    <skipped/>
  </testcase>
  <testcase name="testServiceFactoryBean" classname="org.springframework.beans.factory.serviceloader.ServiceLoaderTests" time="0.0">
    <skipped/>
  </testcase>
  <testcase name="testServiceLoaderFactoryBean" classname="org.springframework.beans.factory.serviceloader.ServiceLoaderTests" time="0.0">
    <skipped/>
  </testcase>
  <system-out><![CDATA[]]></system-out>
  <system-err><![CDATA[]]></system-err>
</testsuite>
