<?xml version="1.0" encoding="UTF-8"?>
<testsuite name="org.springframework.beans.factory.xml.AutowireWithExclusionTests" tests="10" skipped="0" failures="0" errors="0" timestamp="2020-04-07T05:13:43" hostname="jaydeMacBook-Pro.local" time="0.049">
  <properties/>
  <testcase name="byTypeAutowireWithInclusion" classname="org.springframework.beans.factory.xml.AutowireWithExclusionTests" time="0.008"/>
  <testcase name="byTypeAutowireWithAutoSelfExclusion" classname="org.springframework.beans.factory.xml.AutowireWithExclusionTests" time="0.003"/>
  <testcase name="byTypeAutowireWithPrimaryOverridingParentFactory" classname="org.springframework.beans.factory.xml.AutowireWithExclusionTests" time="0.008"/>
  <testcase name="constructorAutowireWithAutoSelfExclusion" classname="org.springframework.beans.factory.xml.AutowireWithExclusionTests" time="0.003"/>
  <testcase name="constructorAutowireWithExclusion" classname="org.springframework.beans.factory.xml.AutowireWithExclusionTests" time="0.002"/>
  <testcase name="byTypeAutowireWithExclusionInParentFactory" classname="org.springframework.beans.factory.xml.AutowireWithExclusionTests" time="0.005"/>
  <testcase name="byTypeAutowireWithPrimaryInParentAndChild" classname="org.springframework.beans.factory.xml.AutowireWithExclusionTests" time="0.008"/>
  <testcase name="byTypeAutowireWithPrimaryInParentFactory" classname="org.springframework.beans.factory.xml.AutowireWithExclusionTests" time="0.004"/>
  <testcase name="byTypeAutowireWithExclusion" classname="org.springframework.beans.factory.xml.AutowireWithExclusionTests" time="0.003"/>
  <testcase name="byTypeAutowireWithSelectiveInclusion" classname="org.springframework.beans.factory.xml.AutowireWithExclusionTests" time="0.005"/>
  <system-out><![CDATA[]]></system-out>
  <system-err><![CDATA[]]></system-err>
</testsuite>
