<?xml version="1.0" encoding="UTF-8"?>
<testsuite name="org.springframework.beans.factory.parsing.CustomProblemReporterTests" tests="1" skipped="0" failures="0" errors="0" timestamp="2020-04-07T05:13:44" hostname="jaydeMacBook-Pro.local" time="0.005">
  <properties/>
  <testcase name="testErrorsAreCollated" classname="org.springframework.beans.factory.parsing.CustomProblemReporterTests" time="0.005"/>
  <system-out><![CDATA[]]></system-out>
  <system-err><![CDATA[]]></system-err>
</testsuite>
