<?xml version="1.0" encoding="UTF-8"?>
<testsuite name="org.springframework.beans.factory.parsing.ParseStateTests" tests="3" skipped="0" failures="0" errors="0" timestamp="2020-04-07T05:13:44" hostname="jaydeMacBook-Pro.local" time="0.001">
  <properties/>
  <testcase name="testSnapshot" classname="org.springframework.beans.factory.parsing.ParseStateTests" time="0.001"/>
  <testcase name="testNesting" classname="org.springframework.beans.factory.parsing.ParseStateTests" time="0.0"/>
  <testcase name="testSimple" classname="org.springframework.beans.factory.parsing.ParseStateTests" time="0.0"/>
  <system-out><![CDATA[]]></system-out>
  <system-err><![CDATA[]]></system-err>
</testsuite>
