<?xml version="1.0" encoding="UTF-8"?>
<testsuite name="org.springframework.beans.factory.parsing.FailFastProblemReporterTests" tests="2" skipped="0" failures="0" errors="0" timestamp="2020-04-07T05:13:44" hostname="jaydeMacBook-Pro.local" time="0.028">
  <properties/>
  <testcase name="testError" classname="org.springframework.beans.factory.parsing.FailFastProblemReporterTests" time="0.0"/>
  <testcase name="testWarn" classname="org.springframework.beans.factory.parsing.FailFastProblemReporterTests" time="0.028"/>
  <system-out><![CDATA[]]></system-out>
  <system-err><![CDATA[]]></system-err>
</testsuite>
