<?xml version="1.0" encoding="UTF-8"?>
<testsuite name="org.springframework.beans.factory.BeanFactoryExtensionsTests" tests="4" skipped="0" failures="0" errors="0" timestamp="2020-04-07T05:13:48" hostname="jaydeMacBook-Pro.local" time="0.077">
  <properties/>
  <testcase name="getBean with reified type parameters and varargs" classname="org.springframework.beans.factory.BeanFactoryExtensionsTests" time="0.013"/>
  <testcase name="getBean with reified type parameters" classname="org.springframework.beans.factory.BeanFactoryExtensionsTests" time="0.001"/>
  <testcase name="getBean with String and reified type parameters" classname="org.springframework.beans.factory.BeanFactoryExtensionsTests" time="0.0"/>
  <testcase name="getBeanProvider with reified type parameters" classname="org.springframework.beans.factory.BeanFactoryExtensionsTests" time="0.059"/>
  <system-out><![CDATA[]]></system-out>
  <system-err><![CDATA[]]></system-err>
</testsuite>
