<?xml version="1.0" encoding="UTF-8"?>
<testsuite name="org.springframework.beans.factory.config.ObjectFactoryCreatingFactoryBeanTests" tests="9" skipped="0" failures="0" errors="0" timestamp="2020-04-07T05:13:41" hostname="jaydeMacBook-Pro.local" time="0.099">
  <properties/>
  <testcase name="testWhenTargetBeanNameIsEmptyString" classname="org.springframework.beans.factory.config.ObjectFactoryCreatingFactoryBeanTests" time="0.006"/>
  <testcase name="testWhenTargetBeanNameIsNull" classname="org.springframework.beans.factory.config.ObjectFactoryCreatingFactoryBeanTests" time="0.003"/>
  <testcase name="testFactoryOperation" classname="org.springframework.beans.factory.config.ObjectFactoryCreatingFactoryBeanTests" time="0.014"/>
  <testcase name="testProviderSerialization" classname="org.springframework.beans.factory.config.ObjectFactoryCreatingFactoryBeanTests" time="0.009"/>
  <testcase name="testDoesNotComplainWhenTargetBeanNameRefersToSingleton" classname="org.springframework.beans.factory.config.ObjectFactoryCreatingFactoryBeanTests" time="0.054"/>
  <testcase name="testWhenTargetBeanNameIsWhitespacedString" classname="org.springframework.beans.factory.config.ObjectFactoryCreatingFactoryBeanTests" time="0.004"/>
  <testcase name="testFactorySerialization" classname="org.springframework.beans.factory.config.ObjectFactoryCreatingFactoryBeanTests" time="0.004"/>
  <testcase name="testEnsureOFBFBReportsThatItActuallyCreatesObjectFactoryInstances" classname="org.springframework.beans.factory.config.ObjectFactoryCreatingFactoryBeanTests" time="0.002"/>
  <testcase name="testProviderOperation" classname="org.springframework.beans.factory.config.ObjectFactoryCreatingFactoryBeanTests" time="0.003"/>
  <system-out><![CDATA[]]></system-out>
  <system-err><![CDATA[]]></system-err>
</testsuite>
