<?xml version="1.0" encoding="UTF-8"?>
<testsuite name="org.springframework.beans.factory.annotation.LookupAnnotationTests" tests="6" skipped="0" failures="0" errors="0" timestamp="2020-04-07T05:13:42" hostname="jaydeMacBook-Pro.local" time="0.105">
  <properties/>
  <testcase name="testWithoutConstructorArg" classname="org.springframework.beans.factory.annotation.LookupAnnotationTests" time="0.079"/>
  <testcase name="testWithOverloadedArg" classname="org.springframework.beans.factory.annotation.LookupAnnotationTests" time="0.005"/>
  <testcase name="testWithThreeArgsShouldFail" classname="org.springframework.beans.factory.annotation.LookupAnnotationTests" time="0.004"/>
  <testcase name="testWithEarlyInjection" classname="org.springframework.beans.factory.annotation.LookupAnnotationTests" time="0.004"/>
  <testcase name="testWithOneConstructorArg" classname="org.springframework.beans.factory.annotation.LookupAnnotationTests" time="0.006"/>
  <testcase name="testWithTwoConstructorArg" classname="org.springframework.beans.factory.annotation.LookupAnnotationTests" time="0.005"/>
  <system-out><![CDATA[]]></system-out>
  <system-err><![CDATA[]]></system-err>
</testsuite>
