<?xml version="1.0" encoding="UTF-8"?>
<testsuite name="org.springframework.beans.SimplePropertyDescriptorTests" tests="3" skipped="0" failures="0" errors="0" timestamp="2020-04-07T05:13:44" hostname="jaydeMacBook-Pro.local" time="0.003">
  <properties/>
  <testcase name="toStringOutput" classname="org.springframework.beans.SimplePropertyDescriptorTests" time="0.001"/>
  <testcase name="indexedEquality" classname="org.springframework.beans.SimplePropertyDescriptorTests" time="0.001"/>
  <testcase name="nonIndexedEquality" classname="org.springframework.beans.SimplePropertyDescriptorTests" time="0.001"/>
  <system-out><![CDATA[]]></system-out>
  <system-err><![CDATA[]]></system-err>
</testsuite>
