<?xml version="1.0" encoding="UTF-8"?>
<testsuite name="org.springframework.beans.BeanUtilsKotlinTests" tests="5" skipped="0" failures="0" errors="0" timestamp="2020-04-07T05:13:44" hostname="jaydeMacBook-Pro.local" time="3.076">
  <properties/>
  <testcase name="Instantiate immutable class with optional parameter and all parameters specified" classname="org.springframework.beans.BeanUtilsKotlinTests" time="3.046"/>
  <testcase name="Instantiate immutable class with optional parameter and only mandatory parameters specified by position" classname="org.springframework.beans.BeanUtilsKotlinTests" time="0.026"/>
  <testcase name="Instantiate immutable class with optional parameter specified with null value" classname="org.springframework.beans.BeanUtilsKotlinTests" time="0.0"/>
  <testcase name="Instantiate mutable class with declared constructor and default values for all parameters" classname="org.springframework.beans.BeanUtilsKotlinTests" time="0.003"/>
  <testcase name="Instantiate immutable class" classname="org.springframework.beans.BeanUtilsKotlinTests" time="0.001"/>
  <system-out><![CDATA[]]></system-out>
  <system-err><![CDATA[]]></system-err>
</testsuite>
