<?xml version="1.0" encoding="UTF-8"?>
<testsuite name="org.springframework.beans.factory.xml.DefaultLifecycleMethodsTests" tests="6" skipped="0" failures="0" errors="0" timestamp="2020-04-07T05:13:43" hostname="jaydeMacBook-Pro.local" time="0.013">
  <properties/>
  <testcase name="childWithLifecycleMethodsDisabled" classname="org.springframework.beans.factory.xml.DefaultLifecycleMethodsTests" time="0.003"/>
  <testcase name="lifecycleMethodsDisabled" classname="org.springframework.beans.factory.xml.DefaultLifecycleMethodsTests" time="0.002"/>
  <testcase name="overrideDefaultLifecycleMethods" classname="org.springframework.beans.factory.xml.DefaultLifecycleMethodsTests" time="0.001"/>
  <testcase name="childWithDefaultLifecycleMethods" classname="org.springframework.beans.factory.xml.DefaultLifecycleMethodsTests" time="0.001"/>
  <testcase name="ignoreDefaultLifecycleMethods" classname="org.springframework.beans.factory.xml.DefaultLifecycleMethodsTests" time="0.004"/>
  <testcase name="lifecycleMethodsInvoked" classname="org.springframework.beans.factory.xml.DefaultLifecycleMethodsTests" time="0.001"/>
  <system-out><![CDATA[]]></system-out>
  <system-err><![CDATA[]]></system-err>
</testsuite>
