<?xml version="1.0" encoding="UTF-8"?>
<testsuite name="org.springframework.aop.framework.MethodInvocationTests" tests="2" skipped="0" failures="0" errors="0" timestamp="2020-04-07T05:11:48" hostname="jaydeMacBook-Pro.local" time="0.013">
  <properties/>
  <testcase name="testToStringDoesntHitTarget" classname="org.springframework.aop.framework.MethodInvocationTests" time="0.012"/>
  <testcase name="testValidInvocation" classname="org.springframework.aop.framework.MethodInvocationTests" time="0.001"/>
  <system-out><![CDATA[]]></system-out>
  <system-err><![CDATA[]]></system-err>
</testsuite>
