<?xml version="1.0" encoding="UTF-8"?>
<testsuite name="org.springframework.aop.scope.DefaultScopedObjectTests" tests="4" skipped="0" failures="0" errors="0" timestamp="2020-04-07T05:11:51" hostname="jaydeMacBook-Pro.local" time="0.116">
  <properties/>
  <testcase name="testCtorWithEmptyTargetBeanName" classname="org.springframework.aop.scope.DefaultScopedObjectTests" time="0.115"/>
  <testcase name="testCtorWithNullBeanFactory" classname="org.springframework.aop.scope.DefaultScopedObjectTests" time="0.0"/>
  <testcase name="testCtorWithJustWhitespacedTargetBeanName" classname="org.springframework.aop.scope.DefaultScopedObjectTests" time="0.001"/>
  <testcase name="testCtorWithNullTargetBeanName" classname="org.springframework.aop.scope.DefaultScopedObjectTests" time="0.0"/>
  <system-out><![CDATA[]]></system-out>
  <system-err><![CDATA[]]></system-err>
</testsuite>
