<?xml version="1.0" encoding="UTF-8"?>
<testsuite name="org.springframework.aop.config.AopNamespaceHandlerPointcutErrorTests" tests="2" skipped="0" failures="0" errors="0" timestamp="2020-04-07T05:11:50" hostname="jaydeMacBook-Pro.local" time="0.036">
  <properties/>
  <testcase name="testMissingPointcutConfig" classname="org.springframework.aop.config.AopNamespaceHandlerPointcutErrorTests" time="0.018"/>
  <testcase name="testDuplicatePointcutConfig" classname="org.springframework.aop.config.AopNamespaceHandlerPointcutErrorTests" time="0.018"/>
  <system-out><![CDATA[]]></system-out>
  <system-err><![CDATA[]]></system-err>
</testsuite>
