<?xml version="1.0" encoding="UTF-8"?>
<testsuite name="org.springframework.aop.framework.ProxyFactoryTests" tests="14" skipped="1" failures="0" errors="0" timestamp="2020-04-07T05:11:48" hostname="jaydeMacBook-Pro.local" time="0.643">
  <properties/>
  <testcase name="testReplaceAdvisor" classname="org.springframework.aop.framework.ProxyFactoryTests" time="0.431"/>
  <testcase name="testProxyTargetClassWithInterfaceAsTarget" classname="org.springframework.aop.framework.ProxyFactoryTests" time="0.007"/>
  <testcase name="testExclusionOfNonPublicInterfaces" classname="org.springframework.aop.framework.ProxyFactoryTests" time="0.0">
    <skipped/>
  </testcase>
  <testcase name="testInterceptorInclusionMethods" classname="org.springframework.aop.framework.ProxyFactoryTests" time="0.003"/>
  <testcase name="testCanAddAndRemoveAspectInterfacesOnSingleton" classname="org.springframework.aop.framework.ProxyFactoryTests" time="0.007"/>
  <testcase name="testRemoveAdvisorByReference" classname="org.springframework.aop.framework.ProxyFactoryTests" time="0.001"/>
  <testcase name="testInterceptorWithoutJoinpoint" classname="org.springframework.aop.framework.ProxyFactoryTests" time="0.001"/>
  <testcase name="testGetsAllInterfaces" classname="org.springframework.aop.framework.ProxyFactoryTests" time="0.008"/>
  <testcase name="testIndexOfMethods" classname="org.springframework.aop.framework.ProxyFactoryTests" time="0.001"/>
  <testcase name="testRemoveAdvisorByIndex" classname="org.springframework.aop.framework.ProxyFactoryTests" time="0.0"/>
  <testcase name="testProxyTargetClassWithConcreteClassAsTarget" classname="org.springframework.aop.framework.ProxyFactoryTests" time="0.139"/>
  <testcase name="testInterfaceProxiesCanBeOrderedThroughAnnotations" classname="org.springframework.aop.framework.ProxyFactoryTests" time="0.021"/>
  <testcase name="testTargetClassProxiesCanBeOrderedThroughAnnotations" classname="org.springframework.aop.framework.ProxyFactoryTests" time="0.016"/>
  <testcase name="testAddRepeatedInterface" classname="org.springframework.aop.framework.ProxyFactoryTests" time="0.005"/>
  <system-out><![CDATA[]]></system-out>
  <system-err><![CDATA[]]></system-err>
</testsuite>
