<?xml version="1.0" encoding="UTF-8"?>
<testsuite name="org.springframework.aop.scope.ScopedProxyAutowireTests" tests="2" skipped="0" failures="0" errors="0" timestamp="2020-04-07T05:11:51" hostname="jaydeMacBook-Pro.local" time="0.057">
  <properties/>
  <testcase name="testScopedProxyInheritsAutowireCandidateFalse" classname="org.springframework.aop.scope.ScopedProxyAutowireTests" time="0.031"/>
  <testcase name="testScopedProxyReplacesAutowireCandidateTrue" classname="org.springframework.aop.scope.ScopedProxyAutowireTests" time="0.026"/>
  <system-out><![CDATA[]]></system-out>
  <system-err><![CDATA[]]></system-err>
</testsuite>
