<?xml version="1.0" encoding="UTF-8"?>
<testsuite name="org.springframework.aop.interceptor.JamonPerformanceMonitorInterceptorTests" tests="2" skipped="0" failures="0" errors="0" timestamp="2020-04-07T05:11:52" hostname="jaydeMacBook-Pro.local" time="0.027">
  <properties/>
  <testcase name="testInvokeUnderTraceWithNormalProcessing" classname="org.springframework.aop.interceptor.JamonPerformanceMonitorInterceptorTests" time="0.025"/>
  <testcase name="testInvokeUnderTraceWithExceptionTracking" classname="org.springframework.aop.interceptor.JamonPerformanceMonitorInterceptorTests" time="0.002"/>
  <system-out><![CDATA[]]></system-out>
  <system-err><![CDATA[]]></system-err>
</testsuite>
