<?xml version="1.0" encoding="UTF-8"?>
<testsuite name="org.springframework.aop.config.AopNamespaceHandlerEventTests" tests="4" skipped="0" failures="0" errors="0" timestamp="2020-04-07T05:11:50" hostname="jaydeMacBook-Pro.local" time="0.173">
  <properties/>
  <testcase name="testPointcutEvents" classname="org.springframework.aop.config.AopNamespaceHandlerEventTests" time="0.086"/>
  <testcase name="testAdvisorEventsWithDirectPointcut" classname="org.springframework.aop.config.AopNamespaceHandlerEventTests" time="0.028"/>
  <testcase name="testAspectEvent" classname="org.springframework.aop.config.AopNamespaceHandlerEventTests" time="0.038"/>
  <testcase name="testAdvisorEventsWithPointcutRef" classname="org.springframework.aop.config.AopNamespaceHandlerEventTests" time="0.021"/>
  <system-out><![CDATA[]]></system-out>
  <system-err><![CDATA[]]></system-err>
</testsuite>
