<?xml version="1.0" encoding="UTF-8"?>
<testsuite name="org.springframework.aop.aspectj.TypePatternClassFilterTests" tests="6" skipped="0" failures="0" errors="0" timestamp="2020-04-07T05:11:51" hostname="jaydeMacBook-Pro.local" time="0.006">
  <properties/>
  <testcase name="testInvocationOfMatchesMethodBlowsUpWhenNoTypePatternHasBeenSet" classname="org.springframework.aop.aspectj.TypePatternClassFilterTests" time="0.0"/>
  <testcase name="testSubclassMatching" classname="org.springframework.aop.aspectj.TypePatternClassFilterTests" time="0.001"/>
  <testcase name="testValidPatternMatching" classname="org.springframework.aop.aspectj.TypePatternClassFilterTests" time="0.001"/>
  <testcase name="testSetTypePatternWithNullArgument" classname="org.springframework.aop.aspectj.TypePatternClassFilterTests" time="0.0"/>
  <testcase name="testAndOrNotReplacement" classname="org.springframework.aop.aspectj.TypePatternClassFilterTests" time="0.003"/>
  <testcase name="testInvalidPattern" classname="org.springframework.aop.aspectj.TypePatternClassFilterTests" time="0.0"/>
  <system-out><![CDATA[]]></system-out>
  <system-err><![CDATA[]]></system-err>
</testsuite>
