<?xml version="1.0" encoding="UTF-8"?>
<testsuite name="org.springframework.aop.support.PointcutsTests" tests="7" skipped="0" failures="0" errors="0" timestamp="2020-04-07T05:11:51" hostname="jaydeMacBook-Pro.local" time="0.003">
  <properties/>
  <testcase name="testTrue" classname="org.springframework.aop.support.PointcutsTests" time="0.001"/>
  <testcase name="testIntersectionOfSpecificGettersAndSubclassGetters" classname="org.springframework.aop.support.PointcutsTests" time="0.001"/>
  <testcase name="testSimpleIntersection" classname="org.springframework.aop.support.PointcutsTests" time="0.0"/>
  <testcase name="testUnionOfAllSettersAndSubclassSetters" classname="org.springframework.aop.support.PointcutsTests" time="0.0"/>
  <testcase name="testUnionOfSpecificGetters" classname="org.springframework.aop.support.PointcutsTests" time="0.0"/>
  <testcase name="testMatches" classname="org.springframework.aop.support.PointcutsTests" time="0.0"/>
  <testcase name="testUnionOfSettersAndGetters" classname="org.springframework.aop.support.PointcutsTests" time="0.0"/>
  <system-out><![CDATA[]]></system-out>
  <system-err><![CDATA[]]></system-err>
</testsuite>
