<?xml version="1.0" encoding="UTF-8"?>
<testsuite name="org.springframework.aop.framework.PrototypeTargetTests" tests="2" skipped="0" failures="0" errors="0" timestamp="2020-04-07T05:11:49" hostname="jaydeMacBook-Pro.local" time="0.193">
  <properties/>
  <testcase name="testSingletonProxyWithPrototypeTarget" classname="org.springframework.aop.framework.PrototypeTargetTests" time="0.181"/>
  <testcase name="testPrototypeProxyWithPrototypeTarget" classname="org.springframework.aop.framework.PrototypeTargetTests" time="0.012"/>
  <system-out><![CDATA[]]></system-out>
  <system-err><![CDATA[]]></system-err>
</testsuite>
