<?xml version="1.0" encoding="UTF-8"?>
<testsuite name="org.springframework.aop.config.TopLevelAopTagTests" tests="1" skipped="0" failures="0" errors="0" timestamp="2020-04-07T05:11:50" hostname="jaydeMacBook-Pro.local" time="0.02">
  <properties/>
  <testcase name="testParse" classname="org.springframework.aop.config.TopLevelAopTagTests" time="0.02"/>
  <system-out><![CDATA[]]></system-out>
  <system-err><![CDATA[]]></system-err>
</testsuite>
